<?xml version="1.0" encoding="UTF-8"?>
<!-- Generated by org.testng.reporters.JUnitXMLReporter -->
<testsuite ignored="0" hostname="DESKTOP-ML284IJ" failures="0" tests="4" name="camlin Test" time="38.403" errors="0" timestamp="2022-09-14T14:43:42 IST">
  <testcase classname="com.camlin.testCases.TC_SearchDDT_001" name="searchDDT" time="10.598"/>
  <testcase classname="com.camlin.testCases.TC_SearchDDT_001" name="searchDDT" time="6.699"/>
  <testcase classname="com.camlin.testCases.TC_SearchDDT_001" name="searchDDT" time="6.529"/>
  <testcase classname="com.camlin.testCases.TC_SearchDDT_001" name="searchDDT" time="7.541"/>
</testsuite> <!-- camlin Test -->
