<?xml version="1.0" encoding="UTF-8"?>
<!-- Generated by org.testng.reporters.JUnitXMLReporter -->
<testsuite ignored="0" hostname="DESKTOP-ML284IJ" failures="0" tests="4" name="cigna Test" time="6.125" errors="0" timestamp="2022-09-13T11:08:38 IST">
  <testcase classname="com.camlin.testCases.TC_SearchDDT_001" name="searchDDT" time="0.016"/>
  <testcase classname="com.camlin.testCases.TC_SearchDDT_001" name="searchDDT" time="0.012"/>
  <testcase classname="com.camlin.testCases.TC_SearchDDT_001" name="searchDDT" time="0.009"/>
  <testcase classname="com.camlin.testCases.TC_SearchDDT_001" name="searchDDT" time="0.003"/>
</testsuite> <!-- cigna Test -->
