<?xml version="1.0" encoding="UTF-8"?>
<testng-results ignored="0" total="4" passed="4" failed="0" skipped="0">
  <reporter-output>
  </reporter-output>
  <suite started-at="2022-09-14T14:43:04 IST" name="camlin" finished-at="2022-09-14T14:43:42 IST" duration-ms="38403">
    <groups>
    </groups>
    <test started-at="2022-09-14T14:43:04 IST" name="camlin Test" finished-at="2022-09-14T14:43:42 IST" duration-ms="38403">
      <class name="com.camlin.testCases.TC_SearchDDT_001">
        <test-method is-config="true" signature="setup(java.lang.String)[pri:0, instance:com.camlin.testCases.TC_SearchDDT_001@37afeb11]" started-at="2022-09-14T14:43:04 IST" name="setup" finished-at="2022-09-14T14:43:08 IST" duration-ms="3475" status="PASS">
          <params>
            <param index="0">
              <value>
                <![CDATA[chrome]]>
              </value>
            </param>
          </params>
          <reporter-output>
          </reporter-output>
        </test-method> <!-- setup -->
        <test-method signature="searchDDT(java.lang.String,java.lang.String)[pri:0, instance:com.camlin.testCases.TC_SearchDDT_001@37afeb11]" started-at="2022-09-14T14:43:10 IST" name="searchDDT" data-provider="SearchData" finished-at="2022-09-14T14:43:20 IST" duration-ms="10598" status="PASS">
          <params>
            <param index="0">
              <value>
                <![CDATA[Energy]]>
              </value>
            </param>
            <param index="1">
              <value>
                <![CDATA[61]]>
              </value>
            </param>
          </params>
          <reporter-output>
          </reporter-output>
        </test-method> <!-- searchDDT -->
        <test-method signature="searchDDT(java.lang.String,java.lang.String)[pri:0, instance:com.camlin.testCases.TC_SearchDDT_001@37afeb11]" started-at="2022-09-14T14:43:20 IST" name="searchDDT" data-provider="SearchData" finished-at="2022-09-14T14:43:27 IST" duration-ms="6699" status="PASS">
          <params>
            <param index="0">
              <value>
                <![CDATA[Products]]>
              </value>
            </param>
            <param index="1">
              <value>
                <![CDATA[27]]>
              </value>
            </param>
          </params>
          <reporter-output>
          </reporter-output>
        </test-method> <!-- searchDDT -->
        <test-method signature="searchDDT(java.lang.String,java.lang.String)[pri:0, instance:com.camlin.testCases.TC_SearchDDT_001@37afeb11]" started-at="2022-09-14T14:43:27 IST" name="searchDDT" data-provider="SearchData" finished-at="2022-09-14T14:43:34 IST" duration-ms="6529" status="PASS">
          <params>
            <param index="0">
              <value>
                <![CDATA[123]]>
              </value>
            </param>
            <param index="1">
              <value>
                <![CDATA[No Results Found]]>
              </value>
            </param>
          </params>
          <reporter-output>
          </reporter-output>
        </test-method> <!-- searchDDT -->
        <test-method signature="searchDDT(java.lang.String,java.lang.String)[pri:0, instance:com.camlin.testCases.TC_SearchDDT_001@37afeb11]" started-at="2022-09-14T14:43:34 IST" name="searchDDT" data-provider="SearchData" finished-at="2022-09-14T14:43:41 IST" duration-ms="7541" status="PASS">
          <params>
            <param index="0">
              <value>
                <![CDATA[rty]]>
              </value>
            </param>
            <param index="1">
              <value>
                <![CDATA[No Results Found]]>
              </value>
            </param>
          </params>
          <reporter-output>
          </reporter-output>
        </test-method> <!-- searchDDT -->
        <test-method is-config="true" signature="driverClose()[pri:0, instance:com.camlin.testCases.TC_SearchDDT_001@37afeb11]" started-at="2022-09-14T14:43:41 IST" name="driverClose" finished-at="2022-09-14T14:43:42 IST" duration-ms="809" status="PASS">
          <reporter-output>
          </reporter-output>
        </test-method> <!-- driverClose -->
      </class> <!-- com.camlin.testCases.TC_SearchDDT_001 -->
    </test> <!-- camlin Test -->
  </suite> <!-- camlin -->
</testng-results>
